V1.29(SCHEME)
7	7
Basic	1	Element Template.txt
	06DB3003	00D82000	00000003	00000003	1	00054600
	0
	0
	0
	0
	0
	7	1
		3
		6
		20
		21
		23
		41
	0
	0
	0
	0
	0
	0
	0
	0
	0
	0
	0
	7	1041	0	00000019
		1001	0	00000019
		1006	0	00000019
		1003	0	00000019
		1023	0	00000019
		1020	0	00000019
		1021	0	00000019
		-|/
	[===]
	0
	0
	0
	0
Basic	2	Component Template.txt
	1E6F3003	00D820F6	00000003	00000003	1	00054600
	0
	0
	0
	0
	0
	0
	0
	0
	0
	0
	0
	0
	0
	0
	0
	0
	0
	9	3004	0	00000019
		3005	0	00000019
		3001	0	00000019
		3002	0	00000019
		3006	0	00000019
		3007	0	00000019
		3104	0	00000019
		3105	0	00000019
		3101	0	00000019
		-|/
	[===]
	0
	0
	0
	0
Basic	0	Zone Template.txt
	07DB2000	00D82200	00000003	00000003	1	00054200
	0
	0
	0
	0
	0
	0
	0
	8	2
		3
		4
		6
		5
		11
		13
		14
	0
	0
	0
	0
	0
	0
	0
	0
	0
	9	4002	0	00000019
		4003	0	00000019
		4004	0	00000019
		4006	0	00000019
		4005	0	00000019
		4011	0	00000019
		4013	0	00000019
		4014	0	00000019
		-1	1	00000019
		-|/
	[===]
	0
	0
	0
	0
Default	1	Element Template.txt
	266F3003	00D82000	00000003	00000003	1	80054200
	0
	0
	0
	0
	0
	7	41
		1
		6
		3
		23
		20
		21
	0
	0
	0
	0
	0
	0
	0
	0
	0
	0
	0
	11	1041	0	00000019
		1001	0	00000019
		1006	0	00000019
		1003	0	00000019
		1023	0	00000019
		1020	0	00000019
		1021	0	00000019
		1046	0	00000019
		1044	0	00000019
		1047	0	00000019
		1045	0	00000019
		-|/
	[===]
	0
	0
	0
	0
Default	2	Component Template.txt
	3E6F3003	00D821F6	00000003	00000003	1	00054600
	0
	0
	0
	0
	0
	0
	0
	0
	0
	0
	0
	0
	0
	0
	0
	0
	0
	9	3004	0	00000019
		3005	0	00000019
		3001	0	00000019
		3002	0	00000019
		3006	0	00000019
		3007	0	00000019
		3104	0	00000019
		3105	0	00000019
		3102	0	00000019
		-|/
	[===]
	0
	0
	0
	0
Default	0	Zone Template.txt
	277B2000	00D82200	00000003	00000003	1	00054200
	0
	0
	0
	0
	0
	0
	0
	8	2
		3
		4
		6
		5
		11
		13
		14
	0
	0
	0
	0
	0
	0
	0
	0
	0
	13	4002	0	00000019
		4003	0	00000019
		4004	0	00000019
		4006	0	00000019
		4005	0	00000019
		4011	0	00000019
		4013	0	00000019
		4014	0	00000019
		1046	0	00000019
		1044	0	00000019
		1047	0	00000019
		1045	0	00000019
		-1	1	00000019
		-|/
	[===]
	0
	0
	0
	0
Component	2	Component Template.txt
	1EDD2080	00D82176	00000003	00000003	1	00054600
	0
	0
	0
	6	01_mi_90_brace	Hilti_Assemblies
		02_mqk41	Hilti_Assemblies
		03_mq41_hkd_m10	Hilti_Assemblies
		04_mq41_2xmqz_hstm12	Hilti_Assemblies
		05_mq41_mq41	Hilti_Assemblies
		06_mq41d_2xmq41	Hilti_Assemblies
	0
	0
	0
	0
	0
	0
	0
	0
	1	72	ilti_Assemblies_listing
	0
	0
	0
	0
	5	3004	0	00000018	Installation Name
		3005	0	00000018	Item Number
		3001	0	00000018	Product Name
		3002	0	00000018	Quantity
		3006	0	00000018	Pc
		-|/
	[===]
	0
	0
	0
	0
