V1.81(SCHEME)
12	12
 	1	Шаблон элементов.txt
	06DB3003	00D82000	00000003	00000003	1	00054600
	0
	0
	0
	7	002	_ArchiBibl_BD
		003	_ArchiBibl_BD
		004	_ArchiBibl_BD
		005	_ArchiBibl_BD
		006	_ArchiBibl_BD
		007	_ArchiBibl_BD
		008	_ArchiBibl_BD
	0
	6	1
		6
		22
		23
		26
		44
	0
	0
	0
	0
	0
	0
	0
	0
	0
	0
	0
	6	1044	0	00000019	Этаж
		1001	0	00000019
		1026	0	00000019
		1022	0	00000019
		1023	0	00000019
		1006	0	00000019
		=|/
	[===]
	0
	0
	0
	0
Спецификация	2	Шаблон компонент.txt
	1C6F1089	00D82040	00000003	00000003	0	00054700
	1	1
	0
	0
	6	002	_ArchiBibl_BD
		003	_ArchiBibl_BD
		004	_ArchiBibl_BD
		005	_ArchiBibl_BD
		006	_ArchiBibl_BD
		007	_ArchiBibl_BD
	0
	1	20
	0
	0
	0
	0
	0
	0
	0
	0
	0
	0
	0
	5	1020	0	00000019	Марка
		3001	0	00000019	Данные
		3002	0	00000019	Вес
		3006	0	00000019	Ед.изм.
		3101	0	00000019
		 ;0
	[===]
	0
	0
	0
	0
Ведомость отделки	0	Шаблон зон.txt
	00DB1083	00DA4200	00000003	00000226	0	00054300
	0
	0
	1	0
	7	002	_ArchiBibl_BD
		003	_ArchiBibl_BD
		004	_ArchiBibl_BD
		005	_ArchiBibl_BD
		006	_ArchiBibl_BD
		007	_ArchiBibl_BD
		008	_ArchiBibl_BD
	7	002	_ArchiBibl_BD
		003	_ArchiBibl_BD
		004	_ArchiBibl_BD
		005	_ArchiBibl_BD
		006	_ArchiBibl_BD
		007	_ArchiBibl_BD
		008	_ArchiBibl_BD
	3	1
		6
		19
	3	464
		465
		467
	6	5
		13
		14
		16
		18
		46
	0
	0
	0
	0
	0
	1	-49	омещение
	2	-49	ол_Потолок_v2
		-53	естница ЖБ
	6	2		Высота панелей
		9		Отделка панелей
		9		Отделка колонн
		9		Потолка
		12		Тип отделки
		2		Длина участков без стен
	16	12		Тип пола лестницы
		12		Тип пола сверху
		12		Тип пола снизу
		12		Тип пола площадки
		12		Номер помещения
		13		Ручной ввод
		4		Площадь пола снизу
		4		Площадь пола сверху
		4		Площадь пола лестницы
		4		Площадь пола площадки
		12		Используется для
		2		Периметр
		12		Номер помещения
		13		Ручной ввод
		4		Площадь участка
		12		Тип пола
	32	4046	0	00000019
		4005	0	00000019
		4014	0	00000019
		4016	0	00000019
		4018	0	00000019
		4013	0	00000019
		2003	0	00000019	Длина участков без стен
		465	1	00000019
		468	1	00000019
		2003	0	00000019	Высота панелей
		2003	0	00000019	Потолка
		2003	0	00000019	Отделка панелей
		2003	0	00000019	Отделка колонн
		466	1	00000019
		1001	1	00000019
		1006	1	00000019
		2003	0	00000019	Тип отделки
		1019	1	00000019
		2003	1	00000019	Используется для
		2003	1	00000019	Тип пола
		2003	1	00000019	Площадь участка
		2003	1	00000019	Периметр
		2003	1	00000019	Номер помещения
		2003	1	00000019	Ручной ввод
		2003	1	00000019	Тип пола сверху
		2003	1	00000019	Тип пола лестницы
		2003	1	00000019	Тип пола снизу
		2003	1	00000019	Тип пола площадки
		2003	1	00000019	Площадь пола сверху
		2003	1	00000019	Площадь пола лестницы
		2003	1	00000019	Площадь пола снизу
		2003	1	00000019	Площадь пола площадки
	!	 ;0
	[===]
	0
	0
	0
	0
ЖБК	1	Шаблон элементов.txt
	02DB1226	02D82000	00000003	00000003	1	80854700
	0
	0
	0
	7	002	_ArchiBibl_BD
		003	_ArchiBibl_BD
		004	_ArchiBibl_BD
		005	_ArchiBibl_BD
		006	_ArchiBibl_BD
		007	_ArchiBibl_BD
		008	_ArchiBibl_BD
	0
	5	1
		19
		20
		23
		44
	0
	0
	0
	0
	0
	0
	0
	0
	0
	0
	0
	5	1019	0	00000018	Слой
		1020	0	00000018	Поз
		1001	0	00000018	Тип
		1044	0	00000018	Этаж
		1023	0	00000018	Объем
		-|0
	[===]
	0
	0
	0
	0
2d армирование	2	Шаблон компонент.txt
	1C6F1089	00D82040	00000003	00000003	0	000D4300
	1	1
	0
	0
	6	002	_ArchiBibl_BD
		003	_ArchiBibl_BD
		004	_ArchiBibl_BD
		005	_ArchiBibl_BD
		006	_ArchiBibl_BD
		007	_ArchiBibl_BD
	0
	1	20
	0
	0
	0
	0
	0
	0
	0
	0
	0
	0
	0
	5	1020	0	00000018	Марка
		3001	0	00000018	Данные
		3002	0	00000018	Вес
		3006	0	00000018	Ед.изм.
		3101	0	00000019
		 ;0
	[===]
	0
	0
	0
	2	5BD9992F-3994-4EBD-BF0A-1BF584CA398C
		907D37C9-01F3-4A3B-8A47-52814840C4BF
Ведомость отделки без лестниц	0	Шаблон зон.txt
	00D91082	00D84200	00000003	00000226	0	00054300
	0
	0
	1	0
	0
	0
	3	1
		6
		19
	3	464
		465
		467
	6	5
		13
		14
		16
		18
		46
	0
	0
	0
	0
	0
	1	-49	омещение
	1	-49	ол_Потолок_v2
	6	2		Высота панелей
		9		Отделка панелей
		9		Отделка колонн
		9		Потолка
		12		Тип отделки
		2		Длина участков без стен
	6	12		Используется для
		2		Периметр
		12		Номер помещения
		13		Ручной ввод
		4		Площадь участка
		12		Тип пола
	24	4046	0	00000019	ID
		4005	0	00000019
		4014	0	00000019
		4016	0	00000019
		4018	0	00000019
		4013	0	00000019
		2003	0	00000019	Длина участков без стен
		465	1	00000019
		468	1	00000019
		2003	0	00000019	Высота панелей
		2003	0	00000019	Потолка
		2003	0	00000019	Отделка панелей
		2003	0	00000019	Отделка колонн
		466	1	00000019
		1001	1	00000019
		1006	1	00000019
		2003	0	00000019	Тип отделки
		1019	1	00000019
		2003	1	00000019	Используется для
		2003	1	00000019	Тип пола
		2003	1	00000019	Площадь участка
		2003	1	00000019	Периметр
		2003	1	00000019	Номер помещения
		2003	1	00000019	Ручной ввод
	!	 ;0
	[===]
	0
	0
	0
	0
Ведомость отделки без потолков	0	Шаблон зон.txt
	00D91002	00D84200	00000003	00000026	0	00054300
	0
	0
	1	0
	0
	0
	3	1
		6
		19
	3	464
		465
		467
	6	5
		13
		14
		16
		18
		46
	0
	0
	0
	0
	0
	1	-49	омещение
	0
	6	2		Высота панелей
		9		Отделка панелей
		9		Отделка колонн
		9		Потолка
		12		Тип отделки
		2		Длина участков без стен
	0
	18	4046	0	00000019
		4005	0	00000019
		4014	0	00000019
		4016	0	00000019
		4018	0	00000019
		4013	0	00000019
		2003	0	00000019	Длина участков без стен
		465	1	00000019
		468	1	00000019
		2003	0	00000019	Высота панелей
		2003	0	00000019	Потолка
		2003	0	00000019	Отделка панелей
		2003	0	00000019	Отделка колонн
		466	1	00000019
		1001	1	00000019
		1006	1	00000019
		2003	0	00000019	Тип отделки
		1019	1	00000019
	!	 ;0
	[===]
	0
	0
	0
	0
V2_Ведомость отделки без потолк	0	Шаблон зон.txt
	00D91002	00D84200	00000003	00000026	0	00054300
	0
	0
	1	0
	0
	0
	3	1
		6
		19
	4	125
		464
		465
		467
	6	5
		13
		14
		16
		18
		46
	0
	0
	0
	0
	0
	1	-49	омещение
	0
	12	12		Информация в смету
		2		Высота панелей
		9		Отделка панелей
		9		Отделка колонн
		9		Отделка стен от потолка до верха
		9		Отделка стен от панелей до потолка
		9		Потолка
		12		Тип потолка
		12		Тип пола
		12		Тип отделки
		2		Высота до потолка
		2		Длина участков без стен
	0
	25	4046	0	00000019	1
		4005	0	00000019	2
		4014	0	00000019	3
		4016	0	00000019	4
		4018	0	00000019	5
		4013	0	00000019	6
		2003	0	00000019	Длина участков без стен
		465	1	00000019	7
		468	1	00000019	8
		2003	0	00000019	Высота панелей
		2003	0	00000019	Потолка
		2003	0	00000019	Отделка панелей
		2003	0	00000019	Отделка стен от панелей до потолка
		2003	0	00000019	Отделка колонн
		466	1	00000019	15
		1001	1	00000019	16
		1006	1	00000019	17
		2003	0	00000019	Тип отделки
		1019	1	00000019	19
		2003	0	00000019	Тип пола
		2003	0	00000019	Тип потолка
		2003	0	00000019	Высота до потолка
		2003	0	00000019	Отделка стен от потолка до верха
		2003	0	00000019	Информация в смету
		126	1	00000019	25
	!	 ;0
	[===]
	0
	0
	0
	0
V2_Ведомость отделки без лестни	0	Шаблон зон.txt
	00D91082	00D84200	00000003	00000226	0	00054300
	0
	0
	1	0
	0
	0
	3	1
		6
		19
	4	125
		464
		465
		467
	6	5
		13
		14
		16
		18
		46
	0
	0
	0
	0
	0
	1	-49	омещение
	1	-49	ол_Потолок_v2
	12	12		Информация в смету
		2		Высота панелей
		9		Отделка панелей
		9		Отделка колонн
		9		Отделка стен от потолка до верха
		9		Отделка стен от панелей до потолка
		9		Потолка
		12		Тип потолка
		12		Тип пола
		12		Тип отделки
		2		Высота до потолка
		2		Длина участков без стен
	5	12		Используется для
		2		Периметр
		12		Номер помещения
		13		Ручной ввод
		4		Площадь участка
	30	4046	0	00000019	ID
		4005	0	00000019
		4014	0	00000019
		4016	0	00000019
		4018	0	00000019
		4013	0	00000019
		2003	0	00000019	Длина участков без стен
		465	1	00000019
		468	1	00000019
		2003	0	00000019	Высота панелей
		2003	0	00000019	Потолка
		2003	0	00000019	Отделка панелей
		2003	0	00000019	Отделка стен от панелей до потолка
		2003	0	00000019	Отделка колонн
		466	1	00000019
		1001	1	00000019
		1006	1	00000019
		2003	0	00000019	Тип отделки
		1019	1	00000019
		2003	0	00000019	Тип потолка
		2003	0	00000019	Тип пола
		2003	0	00000019	Высота до потолка
		2003	0	00000019	Отделка стен от потолка до верха
		2003	0	00000019	Информация в смету
		126	1	00000019
		2003	1	00000019	Используется для
		2003	1	00000019	Площадь участка
		2003	1	00000019	Периметр
		2003	1	00000019	Номер помещения
		2003	1	00000019	Ручной ввод
	!	 ;0
	[===]
	0
	0
	0
	0
V2_Ведомость отделки	0	Шаблон зон.txt
	00D91082	00D84200	00000003	00000226	0	00054300
	0
	0
	1	0
	0
	0
	3	1
		6
		19
	4	125
		464
		465
		467
	6	5
		13
		14
		16
		18
		46
	0
	0
	0
	0
	0
	1	-49	омещение
	2	-49	ол_Потолок_v2
		-53	естница ЖБ
	12	12		Информация в смету
		2		Высота панелей
		9		Отделка панелей
		9		Отделка колонн
		9		Отделка стен от потолка до верха
		9		Отделка стен от панелей до потолка
		9		Потолка
		12		Тип потолка
		12		Тип пола
		12		Тип отделки
		2		Высота до потолка
		2		Длина участков без стен
	15	12		Тип пола лестницы
		12		Тип пола сверху
		12		Тип пола снизу
		12		Тип пола площадки
		12		Номер помещения
		13		Ручной ввод
		4		Площадь пола снизу
		4		Площадь пола сверху
		4		Площадь пола лестницы
		4		Площадь пола площадки
		12		Используется для
		2		Периметр
		12		Номер помещения
		13		Ручной ввод
		4		Площадь участка
	38	4046	0	00000019	ID
		4005	0	00000019
		4014	0	00000019
		4016	0	00000019
		4018	0	00000019
		4013	0	00000019
		2003	0	00000019	Длина участков без стен
		465	1	00000019
		468	1	00000019
		2003	0	00000019	Высота панелей
		2003	0	00000019	Потолка
		2003	0	00000019	Отделка панелей
		2003	0	00000019	Отделка стен от панелей до потолка
		2003	0	00000019	Отделка колонн
		466	1	00000019
		1001	1	00000019
		1006	1	00000019
		2003	0	00000019	Тип отделки
		1019	1	00000019
		2003	0	00000019	Тип потолка
		2003	0	00000019	Тип пола
		2003	0	00000019	Высота до потолка
		2003	0	00000019	Отделка стен от потолка до верха
		2003	0	00000019	Информация в смету
		126	1	00000019
		2003	1	00000019	Используется для
		2003	1	00000019	Площадь участка
		2003	1	00000019	Периметр
		2003	1	00000019	Номер помещения
		2003	1	00000019	Ручной ввод
		2003	1	00000019	Тип пола сверху
		2003	1	00000019	Тип пола лестницы
		2003	1	00000019	Тип пола снизу
		2003	1	00000019	Тип пола площадки
		2003	1	00000019	Площадь пола сверху
		2003	1	00000019	Площадь пола лестницы
		2003	1	00000019	Площадь пола снизу
		2003	1	00000019	Площадь пола площадки
	!	 ;0
	[===]
	0
	0
	0
	0
V2_Спецификация	2	Шаблон компонент.txt
	1C6F1089	00D82040	00000003	00000003	0	00054700
	1	1
	0
	0
	6	002	_ArchiBibl_BD
		003	_ArchiBibl_BD
		004	_ArchiBibl_BD
		005	_ArchiBibl_BD
		006	_ArchiBibl_BD
		007	_ArchiBibl_BD
	0
	2	20
		44
	0
	0
	0
	0
	0
	0
	0
	0
	0
	0
	0
	6	1020	0	00000019	Марка
		3001	0	00000019	Данные
		3002	0	00000019	Вес
		3006	0	00000019	Ед.изм.
		3101	0	00000019
		1044	0	00000019
		 ;0
	[===]
	0
	0
	0
	0
V3_Спецификация	2	Шаблон компонент.txt
	1C6F1089	00D82040	00000003	00000003	0	00054700
	1	1
	0
	0
	6	002	_ArchiBibl_BD
		003	_ArchiBibl_BD
		004	_ArchiBibl_BD
		005	_ArchiBibl_BD
		006	_ArchiBibl_BD
		007	_ArchiBibl_BD
	0
	3	20
		21
		44
	0
	0
	0
	0
	0
	0
	0
	0
	0
	0
	0
	7	1020	0	00000019	Марка
		3001	0	00000019	Данные
		3002	0	00000019	Вес
		3006	0	00000019	Ед.изм.
		3101	0	00000019
		1044	0	00000019
		1021	0	00000019
		 ;0
	[===]
	0
	0
	0
	0
